\BOOKMARK [0][-]{section*.2}{R\351sum\351}{}% 1
\BOOKMARK [0][-]{section*.4}{Abstract}{}% 2
\BOOKMARK [0][-]{section*.5}{Table des mati\350res}{}% 3
\BOOKMARK [0][-]{section*.6}{Liste des tableaux}{}% 4
\BOOKMARK [0][-]{section*.7}{Liste des figures}{}% 5
\BOOKMARK [0][-]{section*.9}{Remerciements}{}% 6
\BOOKMARK [0][-]{section*.11}{Avant-propos}{}% 7
\BOOKMARK [0][-]{section*.13}{Introduction}{}% 8
\BOOKMARK [0][-]{chapter.1}{M\351canisme plan \340 2 DDL}{}% 9
\BOOKMARK [1][-]{section.1.1}{G\351om\351trie propos\351e}{chapter.1}% 10
\BOOKMARK [1][-]{section.1.2}{Degr\351 de mobilit\351 du m\351canisme}{chapter.1}% 11
\BOOKMARK [1][-]{section.1.3}{Mod\351lisation cin\351matique du m\351canisme}{chapter.1}% 12
\BOOKMARK [1][-]{section.1.4}{Mod\351lisation dynamique}{chapter.1}% 13
\BOOKMARK [1][-]{section.1.5}{Espace de travail statique}{chapter.1}% 14
\BOOKMARK [1][-]{section.1.6}{Application de forces externes}{chapter.1}% 15
\BOOKMARK [0][-]{chapter.2}{Titre du chapitre}{}% 16
\BOOKMARK [0][-]{section*.30}{Conclusion}{}% 17
\BOOKMARK [0][-]{appendix.A}{Configuration trap\351zo\357dale des c\342bles parall\350les}{}% 18
\BOOKMARK [0][-]{appendix.B}{\311tude g\351n\351rale de l'espace de travail statique du m\351canisme \340 2DDL}{}% 19
\BOOKMARK [0][-]{appendix.C}{Forme param\351trique \340 forme simplifi\351e}{}% 20
